<?xml version="1.0" encoding="UTF-8"?>
<!-- Generated by org.testng.reporters.JUnitReportReporter -->
<testsuite hostname="LAPTOP-EAM40Q36" failures="0" tests="2" name="runner.testRunner" time="7.057" errors="0" timestamp="2023-03-02T10:46:59 CST" skipped="0">
  <testcase classname="runner.testRunner" name="runScenario" time="4.321"/>
  <system-out/>
  <testcase classname="runner.testRunner" name="runScenario" time="2.736"/>
  <system-out/>
</testsuite> <!-- runner.testRunner -->
