<?xml version="1.0" encoding="UTF-8"?>
<!-- Generated by org.testng.reporters.JUnitReportReporter -->
<testsuite hostname="LAPTOP-EAM40Q36" failures="0" tests="63" name="runner.testRunner" time="87.013" errors="0" timestamp="2023-03-02T20:22:53 CST" skipped="0">
  <testcase classname="runner.testRunner" name="runScenario" time="0.559"/>
  <system-out/>
  <testcase classname="runner.testRunner" name="runScenario" time="1.920"/>
  <system-out/>
  <testcase classname="runner.testRunner" name="runScenario" time="1.053"/>
  <system-out/>
  <testcase classname="runner.testRunner" name="runScenario" time="2.007"/>
  <system-out/>
  <testcase classname="runner.testRunner" name="runScenario" time="1.626"/>
  <system-out/>
  <testcase classname="runner.testRunner" name="runScenario" time="1.906"/>
  <system-out/>
  <testcase classname="runner.testRunner" name="runScenario" time="1.154"/>
  <system-out/>
  <testcase classname="runner.testRunner" name="runScenario" time="1.418"/>
  <system-out/>
  <testcase classname="runner.testRunner" name="runScenario" time="0.302"/>
  <system-out/>
  <testcase classname="runner.testRunner" name="runScenario" time="0.768"/>
  <system-out/>
  <testcase classname="runner.testRunner" name="runScenario" time="1.518"/>
  <system-out/>
  <testcase classname="runner.testRunner" name="runScenario" time="1.670"/>
  <system-out/>
  <testcase classname="runner.testRunner" name="runScenario" time="1.356"/>
  <system-out/>
  <testcase classname="runner.testRunner" name="runScenario" time="0.756"/>
  <system-out/>
  <testcase classname="runner.testRunner" name="runScenario" time="2.217"/>
  <system-out/>
  <testcase classname="runner.testRunner" name="runScenario" time="1.299"/>
  <system-out/>
  <testcase classname="runner.testRunner" name="runScenario" time="1.199"/>
  <system-out/>
  <testcase classname="runner.testRunner" name="runScenario" time="1.021"/>
  <system-out/>
  <testcase classname="runner.testRunner" name="runScenario" time="1.032"/>
  <system-out/>
  <testcase classname="runner.testRunner" name="runScenario" time="0.630"/>
  <system-out/>
  <testcase classname="runner.testRunner" name="runScenario" time="1.619"/>
  <system-out/>
  <testcase classname="runner.testRunner" name="runScenario" time="0.632"/>
  <system-out/>
  <testcase classname="runner.testRunner" name="runScenario" time="1.848"/>
  <system-out/>
  <testcase classname="runner.testRunner" name="runScenario" time="0.594"/>
  <system-out/>
  <testcase classname="runner.testRunner" name="runScenario" time="1.970"/>
  <system-out/>
  <testcase classname="runner.testRunner" name="runScenario" time="1.051"/>
  <system-out/>
  <testcase classname="runner.testRunner" name="runScenario" time="1.251"/>
  <system-out/>
  <testcase classname="runner.testRunner" name="runScenario" time="1.075"/>
  <system-out/>
  <testcase classname="runner.testRunner" name="runScenario" time="5.907"/>
  <system-out/>
  <testcase classname="runner.testRunner" name="runScenario" time="1.610"/>
  <system-out/>
  <testcase classname="runner.testRunner" name="runScenario" time="1.408"/>
  <system-out/>
  <testcase classname="runner.testRunner" name="runScenario" time="1.482"/>
  <system-out/>
  <testcase classname="runner.testRunner" name="runScenario" time="1.010"/>
  <system-out/>
  <testcase classname="runner.testRunner" name="runScenario" time="0.921"/>
  <system-out/>
  <testcase classname="runner.testRunner" name="runScenario" time="0.865"/>
  <system-out/>
  <testcase classname="runner.testRunner" name="runScenario" time="1.759"/>
  <system-out/>
  <testcase classname="runner.testRunner" name="runScenario" time="0.968"/>
  <system-out/>
  <testcase classname="runner.testRunner" name="runScenario" time="0.600"/>
  <system-out/>
  <testcase classname="runner.testRunner" name="runScenario" time="1.180"/>
  <system-out/>
  <testcase classname="runner.testRunner" name="runScenario" time="1.496"/>
  <system-out/>
  <testcase classname="runner.testRunner" name="runScenario" time="0.272"/>
  <system-out/>
  <testcase classname="runner.testRunner" name="runScenario" time="1.868"/>
  <system-out/>
  <testcase classname="runner.testRunner" name="runScenario" time="1.252"/>
  <system-out/>
  <testcase classname="runner.testRunner" name="runScenario" time="1.014"/>
  <system-out/>
  <testcase classname="runner.testRunner" name="runScenario" time="0.978"/>
  <system-out/>
  <testcase classname="runner.testRunner" name="runScenario" time="3.209"/>
  <system-out/>
  <testcase classname="runner.testRunner" name="runScenario" time="1.597"/>
  <system-out/>
  <testcase classname="runner.testRunner" name="runScenario" time="0.591"/>
  <system-out/>
  <testcase classname="runner.testRunner" name="runScenario" time="3.296"/>
  <system-out/>
  <testcase classname="runner.testRunner" name="runScenario" time="0.991"/>
  <system-out/>
  <testcase classname="runner.testRunner" name="runScenario" time="0.729"/>
  <system-out/>
  <testcase classname="runner.testRunner" name="runScenario" time="2.988"/>
  <system-out/>
  <testcase classname="runner.testRunner" name="runScenario" time="1.216"/>
  <system-out/>
  <testcase classname="runner.testRunner" name="runScenario" time="1.499"/>
  <system-out/>
  <testcase classname="runner.testRunner" name="runScenario" time="3.826"/>
  <system-out/>
  <testcase classname="runner.testRunner" name="runScenario" time="1.016"/>
  <system-out/>
  <testcase classname="runner.testRunner" name="runScenario" time="1.139"/>
  <system-out/>
  <testcase classname="runner.testRunner" name="runScenario" time="0.559"/>
  <system-out/>
  <testcase classname="runner.testRunner" name="runScenario" time="1.026"/>
  <system-out/>
  <testcase classname="runner.testRunner" name="runScenario" time="1.572"/>
  <system-out/>
  <testcase classname="runner.testRunner" name="runScenario" time="0.908"/>
  <system-out/>
  <testcase classname="runner.testRunner" name="runScenario" time="0.802"/>
  <system-out/>
  <testcase classname="runner.testRunner" name="runScenario" time="0.008"/>
  <system-out/>
</testsuite> <!-- runner.testRunner -->
